143 ms
51 ms
52 ms
55 ms
52 ms
60 ms
54 ms
56 ms
57 ms
56 ms
56 ms
48 ms
58 ms
59 ms
58 ms
56 ms
48 ms
66 ms
58 ms
71 ms
79 ms
142 ms
46 ms
43 ms
85 ms
71 ms
40 ms
56 ms
58 ms
41 ms
75 ms
52 ms
61 ms
62 ms
58 ms
46 ms
76 ms
46 ms
88 ms
40 ms
59 ms
45 ms
56 ms
46 ms
63 ms
68 ms
48 ms
39 ms
46 ms
41 ms
46 ms
42 ms
42 ms
47 ms
48 ms
48 ms
45 ms
57 ms
40 ms
42 ms
42 ms
44 ms
68 ms
72 ms
50 ms
63 ms
82 ms
62 ms
65 ms
62 ms
43 ms
46 ms
84 ms
49 ms
59 ms
44 ms
78 ms
45 ms
64 ms
45 ms
48 ms
82 ms
61 ms
46 ms
65 ms
53 ms
75 ms
45 ms
60 ms
49 ms
50 ms
53 ms
55 ms
50 ms
52 ms
49 ms
48 ms
46 ms
46 ms
66 ms
45 ms
43 ms
52 ms
52 ms
44 ms
50 ms
44 ms
45 ms
51 ms
48 ms
46 ms
57 ms
43 ms
95 ms
43 ms
47 ms
79 ms
48 ms
53 ms
51 ms
46 ms
62 ms
52 ms
48 ms
57 ms
53 ms
48 ms
58 ms
60 ms
72 ms
62 ms
74 ms
54 ms
52 ms
77 ms
50 ms
55 ms
76 ms
54 ms
49 ms
46 ms
51 ms
55 ms
52 ms
50 ms
53 ms
52 ms
47 ms
54 ms
53 ms
51 ms
58 ms
46 ms
52 ms
51 ms
50 ms
52 ms
46 ms
53 ms
51 ms
47 ms
53 ms
48 ms
49 ms
61 ms
51 ms
52 ms
47 ms
49 ms
51 ms
53 ms
54 ms
52 ms
51 ms
55 ms
47 ms
47 ms
47 ms
51 ms
53 ms
56 ms
50 ms
54 ms
56 ms
51 ms
51 ms
